<?xml version="1.0" encoding="UTF-8"?>
<!-- Generated by org.testng.reporters.JUnitReportReporter -->
<testsuite hostname="DESKTOP-3APH7UC" failures="0" tests="1" name="Test.day2" time="0.015" errors="0" timestamp="2023-11-08T13:10:57 IST" skipped="0">
  <testcase classname="Test.day2" name="ploan" time="0.015"/>
</testsuite> <!-- Test.day2 -->
