<?xml version="1.0" encoding="UTF-8"?>
<!-- Generated by org.testng.reporters.JUnitReportReporter -->
<testsuite hostname="DESKTOP-3APH7UC" failures="0" tests="2" name="Test.day1" time="0.020" errors="0" timestamp="2023-11-09T15:57:20 IST" skipped="0">
  <testcase classname="Test.day1" name="Demo" time="0.016"/>
  <testcase classname="Test.day1" name="SecondTest" time="0.004"/>
</testsuite> <!-- Test.day1 -->
