<?xml version="1.0" encoding="UTF-8"?>
<!-- Generated by org.testng.reporters.JUnitReportReporter -->
<testsuite hostname="DESKTOP-3APH7UC" failures="0" tests="1" name="Test.NewTest" time="0.014" errors="0" timestamp="2023-10-30T19:15:09 IST" skipped="0">
  <testcase classname="Test.NewTest" name="f" time="0.014"/>
</testsuite> <!-- Test.NewTest -->
