<?xml version="1.0" encoding="UTF-8"?>
<!-- Generated by org.testng.reporters.JUnitReportReporter -->
<testsuite hostname="DESKTOP-3APH7UC" failures="0" tests="6" name="Test.day3" time="0.110" errors="0" timestamp="2023-11-08T13:10:57 IST" skipped="1">
  <testcase classname="Test.day3" name="MobileSignoutCarloan" time="0.022"/>
  <testcase classname="Test.day3" name="WebLoginCarloan" time="0.031"/>
  <testcase classname="Test.day3" name="MobileSignoutCarloan" time="0.033"/>
  <testcase classname="Test.day3" name="MobileLoginCarloan" time="0.008"/>
  <testcase classname="Test.day3" name="MobileSignoutCarloan" time="0.016"/>
  <testcase classname="Test.day3" name="MobileSigninCarloan">
    <skipped/>
  </testcase> <!-- MobileSigninCarloan -->
</testsuite> <!-- Test.day3 -->
